<?xml version="1.0" encoding="UTF-8"?>
<!-- Generated by org.testng.reporters.JUnitReportReporter -->
<testsuite hostname="LAPTOP-R2SOFEHI" failures="0" tests="2" name="com.orangehrm.Testcases.LoginTestCase" time="6.187" errors="0" timestamp="2022-05-31T11:26:07 IST" skipped="1">
  <testcase classname="com.orangehrm.Testcases.LoginTestCase" name="loginApp" time="6.187"/>
  <system-out/>
  <testcase classname="com.orangehrm.Testcases.LoginTestCase" name="forgotPasswordlink">
    <skipped/>
  </testcase> <!-- forgotPasswordlink -->
  <system-out/>
</testsuite> <!-- com.orangehrm.Testcases.LoginTestCase -->
