<?xml version="1.0" encoding="UTF-8"?>
<!-- Generated by org.testng.reporters.JUnitReportReporter -->
<testsuite hostname="LAPTOP-R2SOFEHI" failures="0" tests="2" name="com.orangehrm.Testcases.LoginTestCase" time="1.054" errors="0" timestamp="2022-05-24T12:51:29 IST" skipped="1">
  <testcase classname="com.orangehrm.Testcases.LoginTestCase" name="forgotPasswordlink" time="1.054"/>
  <system-out/>
  <testcase classname="com.orangehrm.Testcases.LoginTestCase" name="loginApp">
    <skipped/>
  </testcase> <!-- loginApp -->
  <system-out/>
</testsuite> <!-- com.orangehrm.Testcases.LoginTestCase -->
