<?xml version="1.0" encoding="UTF-8"?>
<!-- Generated by org.testng.reporters.JUnitReportReporter -->
<testsuite hostname="LAPTOP-R2SOFEHI" failures="0" tests="2" name="com.orangehrm.Testcases.HomePageTestcase" time="9.330" errors="0" timestamp="2022-05-31T11:26:07 IST" skipped="0">
  <testcase classname="com.orangehrm.Testcases.HomePageTestcase" name="homepageMainmenu" time="0.508"/>
  <system-out/>
  <testcase classname="com.orangehrm.Testcases.HomePageTestcase" name="newUserCreation" time="8.822"/>
  <system-out/>
</testsuite> <!-- com.orangehrm.Testcases.HomePageTestcase -->
