<?xml version="1.0" encoding="UTF-8"?>
<!-- Generated by org.testng.reporters.JUnitReportReporter -->
<testsuite hostname="LAPTOP-R2SOFEHI" failures="0" tests="2" name="com.orangehrm.Testcases.LoginTestCase" time="3.147" errors="0" timestamp="2022-05-31T12:00:44 IST" skipped="1">
  <testcase classname="com.orangehrm.Testcases.LoginTestCase" name="loginApp" time="3.147"/>
  <system-out/>
  <testcase classname="com.orangehrm.Testcases.LoginTestCase" name="forgotPasswordlink">
    <skipped/>
  </testcase> <!-- forgotPasswordlink -->
  <system-out/>
</testsuite> <!-- com.orangehrm.Testcases.LoginTestCase -->
